Compiling the C compiler identification source file "CMakeCCompilerId.c" failed.
Compiler: /Applications/Xcode.app/Contents/Developer/Toolchains/XcodeDefault.xctoolchain/usr/bin/cc 
Build flags: 
Id flags:  

The output was:
1
ld: library not found for -lSystem
clang: error: linker command failed with exit code 1 (use -v to see invocation)


Determining if the C compiler works failed with the following output:
Change Dir: /Users/gurjyan/Devel/Ersap/sampa/tpc-fec-utils/cmake-build-debug/CMakeFiles/CMakeTmp

Run Build Command(s):/usr/local/bin/gmake cmTC_1e6ea/fast && /usr/local/bin/gmake  -f CMakeFiles/cmTC_1e6ea.dir/build.make CMakeFiles/cmTC_1e6ea.dir/build
gmake[1]: Entering directory '/Users/gurjyan/Devel/Ersap/sampa/tpc-fec-utils/cmake-build-debug/CMakeFiles/CMakeTmp'
Building C object CMakeFiles/cmTC_1e6ea.dir/testCCompiler.c.o
/Applications/Xcode.app/Contents/Developer/Toolchains/XcodeDefault.xctoolchain/usr/bin/cc   -mmacosx-version-min=10.15   -o CMakeFiles/cmTC_1e6ea.dir/testCCompiler.c.o   -c /Users/gurjyan/Devel/Ersap/sampa/tpc-fec-utils/cmake-build-debug/CMakeFiles/CMakeTmp/testCCompiler.c
Linking C executable cmTC_1e6ea
/Applications/CLion.app/Contents/bin/cmake/mac/bin/cmake -E cmake_link_script CMakeFiles/cmTC_1e6ea.dir/link.txt --verbose=1
/Applications/Xcode.app/Contents/Developer/Toolchains/XcodeDefault.xctoolchain/usr/bin/cc   -mmacosx-version-min=10.15 -Wl,-search_paths_first -Wl,-headerpad_max_install_names   CMakeFiles/cmTC_1e6ea.dir/testCCompiler.c.o  -o cmTC_1e6ea 
ld: library not found for -lSystem
clang: error: linker command failed with exit code 1 (use -v to see invocation)
gmake[1]: *** [CMakeFiles/cmTC_1e6ea.dir/build.make:107: cmTC_1e6ea] Error 1
gmake[1]: Leaving directory '/Users/gurjyan/Devel/Ersap/sampa/tpc-fec-utils/cmake-build-debug/CMakeFiles/CMakeTmp'
gmake: *** [Makefile:141: cmTC_1e6ea/fast] Error 2



